#
# A fatal error has been detected by the Java Runtime Environment:
#
#  SIGSEGV (0xb) at pc=0x00007ff13ca91439, pid=21559, tid=140673871181568
#
# JRE version: OpenJDK Runtime Environment (7.0_55-b14) (build 1.7.0_55-b14)
# Java VM: OpenJDK 64-Bit Server VM (24.51-b03 mixed mode linux-amd64 compressed oops)
# Problematic frame:
# V  [libjvm.so+0x5c2439]  AsyncGetCallTrace+0xdcce9
#
# Failed to write core dump. Core dumps have been disabled. To enable core dumping, try "ulimit -c unlimited" before starting Java again
#
# If you would like to submit a bug report, please include
# instructions on how to reproduce the bug and visit:
#   http://icedtea.classpath.org/bugzilla
#

---------------  T H R E A D  ---------------

Current thread (0x00007ff1340b5800):  JavaThread "JDWP Transport Listener: dt_socket" daemon [_thread_in_vm, id=21580, stack(0x00007ff1300ef000,0x00007ff1301f0000)]

siginfo:si_signo=SIGSEGV: si_errno=0, si_code=1 (SEGV_MAPERR), si_addr=0x000000000000000c

Registers:
RAX=0x0000000000000001, RBX=0x00007ff1340b5800, RCX=0x000000000000000c, RDX=0x0000000000000000
RSP=0x00007ff1301eea80, RBP=0x00007ff1301eea80, RSI=0x000000000000000c, RDI=0x00000007d8869e60
R8 =0x0000000000000000, R9 =0x0000000000000000, R10=0x0000000000000000, R11=0x0000000000000206
R12=0x00007ff13408faf8, R13=0x00000007d8869e60, R14=0x00007ff1301eebc0, R15=0x0000000000000000
RIP=0x00007ff13ca91439, EFLAGS=0x0000000000010246, CSGSFS=0x0000000000000033, ERR=0x0000000000000004
  TRAPNO=0x000000000000000e

Top of Stack: (sp=0x00007ff1301eea80)
0x00007ff1301eea80:   00007ff1301eeaf0 00007ff13ca9fbc2
0x00007ff1301eea90:   00007ff1340b59d8 00007ff13b6678c0
0x00007ff1301eeaa0:   00007ff1340b5800 0000000000000000
0x00007ff1301eeab0:   00007ff1340b59d8 00007ff13408faf8
0x00007ff1301eeac0:   00007ff1301eeb90 00007ff1340b59d8
0x00007ff1301eead0:   00007ff13b6678c0 00007ff13408faf8
0x00007ff1301eeae0:   00007ff1301eebc0 00007ff13b6678c0
0x00007ff1301eeaf0:   00007ff1301eeb30 00007ff13b435da2
0x00007ff1301eeb00:   00007ff1301eeb90 0000000000010a00
0x00007ff1301eeb10:   00007ff1301eeb90 000000000000000a
0x00007ff1301eeb20:   00007ff1301eebc0 00007ff13b6678c0
0x00007ff1301eeb30:   00007ff1301eed80 00007ff13b43e320
0x00007ff1301eeb40:   0000cf7300000013 00007ff13c010a00
0x00007ff1301eeb50:   00007ff0e4000f80 00007ff13b6678c0
0x00007ff1301eeb60:   00007ff1301eeb90 00007ff0e4000801
0x00007ff1301eeb70:   0000cf7300000013 00007ff13c010a00
0x00007ff1301eeb80:   00007ff0e4000f80 00007ff1340acef8
0x00007ff1301eeb90:   00007ff0e4000f88 000000000000000b
0x00007ff1301eeba0:   0000cf7300000013 00007ff13c010a00
0x00007ff1301eebb0:   00007ff0e4000f80 00007ff0ec03b090
0x00007ff1301eebc0:   00007ff1301eec10 000000000000012c
0x00007ff1301eebd0:   00007ff1301eebd8 00007ff100000000
0x00007ff1301eebe0:   00007ff1301eec10 0000000000000000
0x00007ff1301eebf0:   00007f0000000000 0000cf730000000f
0x00007ff1301eec00:   00007ff10000ec80 00007ff1301eec10
0x00007ff1301eec10:   6e69616d31000000 0000000000000000
0x00007ff1301eec20:   7369687404000000 76616a4c12000000
0x00007ff1301eec30:   532f676e616c2f61 00003b676e697274
0x00007ff1301eec40:   0000140000000000 0000000000000000
0x00007ff1301eec50:   6176050000000000 5b0200000065756c
0x00007ff1301eec60:   0000000000000043 0000000100000014
0x00007ff1301eec70:   f07f000009000000 0f00000090c500ec 

Instructions: (pc=0x00007ff13ca91439)
0x00007ff13ca91419:   e9 7b 00 89 ca 8b 4e 08 48 d3 e2 48 03 16 b9 0c
0x00007ff13ca91429:   00 00 00 eb 0b 66 90 48 8b 14 37 b9 10 00 00 00
0x00007ff13ca91439:   8b 34 0a e9 7c ff ff ff 90 66 66 66 66 66 2e 0f
0x00007ff13ca91449:   1f 84 00 00 00 00 00 48 8d 05 8c aa 7d 00 55 48 

Register to memory mapping:

RAX=0x0000000000000001 is an unknown value
RBX=0x00007ff1340b5800 is a thread
RCX=0x000000000000000c is an unknown value
RDX=0x0000000000000000 is an unknown value
RSP=0x00007ff1301eea80 is pointing into the stack for thread: 0x00007ff1340b5800
RBP=0x00007ff1301eea80 is pointing into the stack for thread: 0x00007ff1340b5800
RSI=0x000000000000000c is an unknown value
RDI=0x00000007d8869e60 is an oop
java.lang.String 
 - klass: 'java/lang/String'
R8 =0x0000000000000000 is an unknown value
R9 =0x0000000000000000 is an unknown value
R10=0x0000000000000000 is an unknown value
R11=0x0000000000000206 is an unknown value
R12=0x00007ff13408faf8 is a global jni handle
R13=0x00000007d8869e60 is an oop
java.lang.String 
 - klass: 'java/lang/String'
R14=0x00007ff1301eebc0 is pointing into the stack for thread: 0x00007ff1340b5800
R15=0x0000000000000000 is an unknown value


Stack: [0x00007ff1300ef000,0x00007ff1301f0000],  sp=0x00007ff1301eea80,  free space=1022k
Native frames: (J=compiled Java code, j=interpreted, Vv=VM code, C=native code)
V  [libjvm.so+0x5c2439]  AsyncGetCallTrace+0xdcce9
V  [libjvm.so+0x5d0bc2]  AsyncGetCallTrace+0xeb472
C  [libjdwp.so+0x8da2]  getenv+0x8da2
C  [libjdwp.so+0x11320]  Agent_OnLoad+0x1ad0
C  [libjdwp.so+0x23305]  Agent_OnLoad+0x13ab5
V  [libjvm.so+0x680a1b]  JVM_FindSignal+0x7308b
V  [libjvm.so+0x8cf190]  JVM_handle_linux_signal+0x12f450
V  [libjvm.so+0x8cf401]  JVM_handle_linux_signal+0x12f6c1
V  [libjvm.so+0x796f52]  JVM_FindSignal+0x1895c2


---------------  P R O C E S S  ---------------

Java Threads: ( => current thread )
  0x00007ff1340c1000 JavaThread "Service Thread" daemon [_thread_blocked, id=21589, stack(0x00007ff11bafb000,0x00007ff11bbfc000)]
  0x00007ff1340be800 JavaThread "C2 CompilerThread1" daemon [_thread_blocked, id=21588, stack(0x00007ff11bbfc000,0x00007ff11bcfd000)]
  0x00007ff1340bb800 JavaThread "C2 CompilerThread0" daemon [_thread_blocked, id=21587, stack(0x00007ff11bcfd000,0x00007ff11bdfe000)]
  0x00007ff0ec001000 JavaThread "JDWP Command Reader" daemon [_thread_in_native, id=21584, stack(0x00007ff11bdfe000,0x00007ff11beff000)]
  0x00007ff1340b9000 JavaThread "JDWP Event Helper Thread" daemon [_thread_blocked, id=21583, stack(0x00007ff11beff000,0x00007ff11c000000)]
=>0x00007ff1340b5800 JavaThread "JDWP Transport Listener: dt_socket" daemon [_thread_in_vm, id=21580, stack(0x00007ff1300ef000,0x00007ff1301f0000)]
  0x00007ff1340a8800 JavaThread "Signal Dispatcher" daemon [_thread_blocked, id=21578, stack(0x00007ff1303f4000,0x00007ff1304f5000)]
  0x00007ff134086000 JavaThread "Finalizer" daemon [_thread_blocked, id=21576, stack(0x00007ff1304f5000,0x00007ff1305f6000)]
  0x00007ff134084000 JavaThread "Reference Handler" daemon [_thread_blocked, id=21575, stack(0x00007ff1305f6000,0x00007ff1306f7000)]
  0x00007ff13400c000 JavaThread "main" [_thread_blocked, id=21565, stack(0x00007ff13df65000,0x00007ff13e066000)]

Other Threads:
  0x00007ff134080000 VMThread [stack: 0x00007ff1306f7000,0x00007ff1307f8000] [id=21574]
  0x00007ff1340cb800 WatcherThread [stack: 0x00007ff11b9fa000,0x00007ff11bafb000] [id=21590]

VM state:not at safepoint (normal execution)

VM Mutex/Monitor currently owned by a thread: None

Heap
 PSYoungGen      total 36352K, used 14208K [0x00000007d7e80000, 0x00000007da700000, 0x0000000800000000)
  eden space 31232K, 33% used [0x00000007d7e80000,0x00000007d88a0028,0x00000007d9d00000)
  from space 5120K, 75% used [0x00000007d9d00000,0x00000007da0c0020,0x00000007da200000)
  to   space 5120K, 0% used [0x00000007da200000,0x00000007da200000,0x00000007da700000)
 ParOldGen       total 81920K, used 8K [0x0000000787c00000, 0x000000078cc00000, 0x00000007d7e80000)
  object space 81920K, 0% used [0x0000000787c00000,0x0000000787c02000,0x000000078cc00000)
 PSPermGen       total 21504K, used 8831K [0x000000077d600000, 0x000000077eb00000, 0x0000000787c00000)
  object space 21504K, 41% used [0x000000077d600000,0x000000077de9ffd0,0x000000077eb00000)

Card table byte_map: [0x00007ff13a654000,0x00007ff13aa6a000] byte_map_base: 0x00007ff136a69000

Polling page: 0x00007ff13e0a1000

Code Cache  [0x00007ff131000000, 0x00007ff131270000, 0x00007ff134000000)
 total_blobs=413 nmethods=153 adapters=221 free_code_cache=48384Kb largest_free_block=49520960

Compilation events (10 events):
Event: 0.894 Thread 0x00007ff1340bb800 nmethod 149 0x00007ff1310b72d0 code [0x00007ff1310b7400, 0x00007ff1310b7458]
Event: 0.894 Thread 0x00007ff1340bb800  150             sun.security.provider.SHA2::lf_ch (10 bytes)
Event: 0.894 Thread 0x00007ff1340bb800 nmethod 150 0x00007ff1310b7090 code [0x00007ff1310b71c0, 0x00007ff1310b7218]
Event: 0.894 Thread 0x00007ff1340bb800  151             sun.security.provider.SHA2::lf_sigma0 (20 bytes)
Event: 0.894 Thread 0x00007ff1340bb800 nmethod 151 0x00007ff1310bf490 code [0x00007ff1310bf5c0, 0x00007ff1310bf618]
Event: 0.894 Thread 0x00007ff1340bb800  152             sun.security.provider.SHA2::lf_maj (12 bytes)
Event: 0.894 Thread 0x00007ff1340bb800 nmethod 152 0x00007ff1310bf290 code [0x00007ff1310bf3c0, 0x00007ff1310bf418]
Event: 0.902 Thread 0x00007ff1340be800 nmethod 147 0x00007ff1310be610 code [0x00007ff1310be780, 0x00007ff1310befa8]
Event: 66.940 Thread 0x00007ff1340bb800  153             java.lang.String::indexOf (7 bytes)
Event: 66.945 Thread 0x00007ff1340bb800 nmethod 153 0x00007ff1310be1d0 code [0x00007ff1310be320, 0x00007ff1310be4e8]

GC Heap History (2 events):
Event: 0.673 GC heap before
{Heap before GC invocations=1 (full 0):
 PSYoungGen      total 36352K, used 31232K [0x00000007d7e80000, 0x00000007da700000, 0x0000000800000000)
  eden space 31232K, 100% used [0x00000007d7e80000,0x00000007d9d00000,0x00000007d9d00000)
  from space 5120K, 0% used [0x00000007da200000,0x00000007da200000,0x00000007da700000)
  to   space 5120K, 0% used [0x00000007d9d00000,0x00000007d9d00000,0x00000007da200000)
 ParOldGen       total 81920K, used 0K [0x0000000787c00000, 0x000000078cc00000, 0x00000007d7e80000)
  object space 81920K, 0% used [0x0000000787c00000,0x0000000787c00000,0x000000078cc00000)
 PSPermGen       total 21504K, used 6412K [0x000000077d600000, 0x000000077eb00000, 0x0000000787c00000)
  object space 21504K, 29% used [0x000000077d600000,0x000000077dc431a8,0x000000077eb00000)
Event: 0.678 GC heap after
Heap after GC invocations=1 (full 0):
 PSYoungGen      total 36352K, used 3840K [0x00000007d7e80000, 0x00000007da700000, 0x0000000800000000)
  eden space 31232K, 0% used [0x00000007d7e80000,0x00000007d7e80000,0x00000007d9d00000)
  from space 5120K, 75% used [0x00000007d9d00000,0x00000007da0c0020,0x00000007da200000)
  to   space 5120K, 0% used [0x00000007da200000,0x00000007da200000,0x00000007da700000)
 ParOldGen       total 81920K, used 8K [0x0000000787c00000, 0x000000078cc00000, 0x00000007d7e80000)
  object space 81920K, 0% used [0x0000000787c00000,0x0000000787c02000,0x000000078cc00000)
 PSPermGen       total 21504K, used 6412K [0x000000077d600000, 0x000000077eb00000, 0x0000000787c00000)
  object space 21504K, 29% used [0x000000077d600000,0x000000077dc431a8,0x000000077eb00000)
}

Deoptimization events (10 events):
Event: 0.819 Thread 0x00007ff13400c000 Uncommon trap: reason=null_check action=make_not_entrant pc=0x00007ff1310b485c method=java.lang.String.equals(Ljava/lang/Object;)Z @ 8
Event: 0.821 Thread 0x00007ff13400c000 Uncommon trap: reason=class_check action=maybe_recompile pc=0x00007ff1310ae158 method=java.util.TreeMap.compare(Ljava/lang/Object;Ljava/lang/Object;)I @ 8
Event: 0.826 Thread 0x00007ff13400c000 Uncommon trap: reason=class_check action=maybe_recompile pc=0x00007ff1310ae158 method=java.util.TreeMap.compare(Ljava/lang/Object;Ljava/lang/Object;)I @ 8
Event: 0.828 Thread 0x00007ff13400c000 Uncommon trap: reason=class_check action=maybe_recompile pc=0x00007ff1310ae158 method=java.util.TreeMap.compare(Ljava/lang/Object;Ljava/lang/Object;)I @ 8
Event: 0.831 Thread 0x00007ff13400c000 Uncommon trap: reason=unreached action=reinterpret pc=0x00007ff13109c9dc method=java.lang.String.valueOf(Ljava/lang/Object;)Ljava/lang/String; @ 1
Event: 0.831 Thread 0x00007ff13400c000 Uncommon trap: reason=unreached action=reinterpret pc=0x00007ff131095be0 method=java.lang.String.valueOf(Ljava/lang/Object;)Ljava/lang/String; @ 1
Event: 0.831 Thread 0x00007ff13400c000 Uncommon trap: reason=predicate action=maybe_recompile pc=0x00007ff1310b2c58 method=java.util.TreeMap.put(Ljava/lang/Object;Ljava/lang/Object;)Ljava/lang/Object; @ 132
Event: 94.657 Thread 0x00007ff13400c000 Uncommon trap: reason=class_check action=maybe_recompile pc=0x00007ff1310ac470 method=java.util.AbstractCollection.toString()Ljava/lang/String; @ 1
Event: 97.775 Thread 0x00007ff13400c000 Uncommon trap: reason=class_check action=maybe_recompile pc=0x00007ff1310ac470 method=java.util.AbstractCollection.toString()Ljava/lang/String; @ 1
Event: 98.221 Thread 0x00007ff13400c000 Uncommon trap: reason=class_check action=maybe_recompile pc=0x00007ff1310ac470 method=java.util.AbstractCollection.toString()Ljava/lang/String; @ 1

Internal exceptions (10 events):
Event: 0.858 Thread 0x00007ff13400c000 Threw 0x00000007d879c1f8 at /build/java7-openjdk/src/icedtea-2.4.7/openjdk/hotspot/src/share/vm/prims/jvm.cpp:1244
Event: 0.871 Thread 0x00007ff13400c000 Threw 0x00000007d8805d20 at /build/java7-openjdk/src/icedtea-2.4.7/openjdk/hotspot/src/share/vm/prims/jvm.cpp:1244
Event: 0.871 Thread 0x00007ff13400c000 Threw 0x00000007d880e1d8 at /build/java7-openjdk/src/icedtea-2.4.7/openjdk/hotspot/src/share/vm/prims/jvm.cpp:1244
Event: 0.872 Thread 0x00007ff13400c000 Threw 0x00000007d88164b8 at /build/java7-openjdk/src/icedtea-2.4.7/openjdk/hotspot/src/share/vm/prims/jvm.cpp:1244
Event: 0.874 Thread 0x00007ff13400c000 Threw 0x00000007d881f328 at /build/java7-openjdk/src/icedtea-2.4.7/openjdk/hotspot/src/share/vm/prims/jvm.cpp:1244
Event: 0.874 Thread 0x00007ff13400c000 Threw 0x00000007d8823df8 at /build/java7-openjdk/src/icedtea-2.4.7/openjdk/hotspot/src/share/vm/prims/jvm.cpp:1244
Event: 0.874 Thread 0x00007ff13400c000 Threw 0x00000007d8828b08 at /build/java7-openjdk/src/icedtea-2.4.7/openjdk/hotspot/src/share/vm/prims/jvm.cpp:1244
Event: 0.895 Thread 0x00007ff13400c000 Threw 0x00000007d884f5a8 at /build/java7-openjdk/src/icedtea-2.4.7/openjdk/hotspot/src/share/vm/prims/jvm.cpp:1244
Event: 0.896 Thread 0x00007ff13400c000 Threw 0x00000007d8851a68 at /build/java7-openjdk/src/icedtea-2.4.7/openjdk/hotspot/src/share/vm/prims/jvm.cpp:1244
Event: 0.897 Thread 0x00007ff13400c000 Threw 0x00000007d8853ee8 at /build/java7-openjdk/src/icedtea-2.4.7/openjdk/hotspot/src/share/vm/prims/jvm.cpp:1244

Events (10 events):
Event: 125.356 Executing VM operation: GetCurrentLocation
Event: 125.356 Executing VM operation: GetCurrentLocation done
Event: 125.356 Executing VM operation: ChangeSingleStep
Event: 125.356 Executing VM operation: ChangeSingleStep done
Event: 125.356 Executing VM operation: ChangeSingleStep
Event: 125.356 Executing VM operation: ChangeSingleStep done
Event: 125.376 Executing VM operation: GetOrSetLocal
Event: 125.376 Executing VM operation: GetOrSetLocal done
Event: 125.383 Executing VM operation: GetOrSetLocal
Event: 125.383 Executing VM operation: GetOrSetLocal done


Dynamic libraries:
00400000-00401000 r-xp 00000000 08:01 530677                             /usr/lib/jvm/java-7-openjdk/jre/bin/java
00600000-00601000 rw-p 00000000 08:01 530677                             /usr/lib/jvm/java-7-openjdk/jre/bin/java
0157a000-0159b000 rw-p 00000000 00:00 0                                  [heap]
77d600000-77eb00000 rw-p 00000000 00:00 0 
77eb00000-787c00000 rw-p 00000000 00:00 0 
787c00000-78cc00000 rw-p 00000000 00:00 0 
78cc00000-7d7e80000 rw-p 00000000 00:00 0 
7d7e80000-7da700000 rw-p 00000000 00:00 0 
7da700000-800000000 rw-p 00000000 00:00 0 
7ff0d0000000-7ff0d0021000 rw-p 00000000 00:00 0 
7ff0d0021000-7ff0d4000000 ---p 00000000 00:00 0 
7ff0d4000000-7ff0d4021000 rw-p 00000000 00:00 0 
7ff0d4021000-7ff0d8000000 ---p 00000000 00:00 0 
7ff0d8000000-7ff0d82ef000 rw-p 00000000 00:00 0 
7ff0d82ef000-7ff0dc000000 ---p 00000000 00:00 0 
7ff0dc000000-7ff0dc2e9000 rw-p 00000000 00:00 0 
7ff0dc2e9000-7ff0e0000000 ---p 00000000 00:00 0 
7ff0e0000000-7ff0e0021000 rw-p 00000000 00:00 0 
7ff0e0021000-7ff0e4000000 ---p 00000000 00:00 0 
7ff0e4000000-7ff0e4021000 rw-p 00000000 00:00 0 
7ff0e4021000-7ff0e8000000 ---p 00000000 00:00 0 
7ff0e8000000-7ff0e8021000 rw-p 00000000 00:00 0 
7ff0e8021000-7ff0ec000000 ---p 00000000 00:00 0 
7ff0ec000000-7ff0ec05c000 rw-p 00000000 00:00 0 
7ff0ec05c000-7ff0f0000000 ---p 00000000 00:00 0 
7ff0f0000000-7ff0f0021000 rw-p 00000000 00:00 0 
7ff0f0021000-7ff0f4000000 ---p 00000000 00:00 0 
7ff0f4000000-7ff0f4021000 rw-p 00000000 00:00 0 
7ff0f4021000-7ff0f8000000 ---p 00000000 00:00 0 
7ff0f8000000-7ff0f8021000 rw-p 00000000 00:00 0 
7ff0f8021000-7ff0fc000000 ---p 00000000 00:00 0 
7ff0ffeb0000-7ff104000000 rw-p 00000000 00:00 0 
7ff104000000-7ff104021000 rw-p 00000000 00:00 0 
7ff104021000-7ff108000000 ---p 00000000 00:00 0 
7ff10c000000-7ff10c021000 rw-p 00000000 00:00 0 
7ff10c021000-7ff110000000 ---p 00000000 00:00 0 
7ff114000000-7ff114021000 rw-p 00000000 00:00 0 
7ff114021000-7ff118000000 ---p 00000000 00:00 0 
7ff11a422000-7ff11a425000 r--s 00032000 08:01 530633                     /usr/lib/jvm/java-7-openjdk/jre/lib/ext/sunjce_provider.jar
7ff11a425000-7ff11a42a000 r--s 0002e000 08:01 6338704                    /home/ponken/Work/RPKI/gson-2.3.jar
7ff11a42a000-7ff11a42d000 r--s 00006000 08:01 6600178                    /home/ponken/.m2/repository/com/google/code/findbugs/jsr305/1.3.9/jsr305-1.3.9.jar
7ff11a42d000-7ff11a44f000 r--s 00195000 08:01 6600175                    /home/ponken/.m2/repository/com/google/guava/guava/12.0/guava-12.0.jar
7ff11a44f000-7ff11a452000 r--s 00020000 08:01 6571754                    /home/ponken/.m2/repository/gsbase/gsbase/2.0.1/gsbase-2.0.1.jar
7ff11a452000-7ff11a464000 r--s 0030c000 08:01 6571750                    /home/ponken/.m2/repository/net/sf/saxon/saxon/8.7/saxon-8.7.jar
7ff11a464000-7ff11a47c000 r--s 00115000 08:01 6571746                    /home/ponken/.m2/repository/xerces/xercesImpl/2.9.1/xercesImpl-2.9.1.jar
7ff11a47c000-7ff11a48c000 r-xp 00000000 08:01 530644                     /usr/lib/jvm/java-7-openjdk/jre/lib/amd64/libnio.so
7ff11a48c000-7ff11a68c000 ---p 00010000 08:01 530644                     /usr/lib/jvm/java-7-openjdk/jre/lib/amd64/libnio.so
7ff11a68c000-7ff11a68d000 rw-p 00010000 08:01 530644                     /usr/lib/jvm/java-7-openjdk/jre/lib/amd64/libnio.so
7ff11a68d000-7ff11a6a1000 r-xp 00000000 08:01 396457                     /usr/lib/libresolv-2.19.so
7ff11a6a1000-7ff11a8a0000 ---p 00014000 08:01 396457                     /usr/lib/libresolv-2.19.so
7ff11a8a0000-7ff11a8a1000 r--p 00013000 08:01 396457                     /usr/lib/libresolv-2.19.so
7ff11a8a1000-7ff11a8a2000 rw-p 00014000 08:01 396457                     /usr/lib/libresolv-2.19.so
7ff11a8a2000-7ff11a8a4000 rw-p 00000000 00:00 0 
7ff11a8a4000-7ff11a90d000 r-xp 00000000 08:01 400762                     /usr/lib/libpcre.so.1.2.3
7ff11a90d000-7ff11ab0c000 ---p 00069000 08:01 400762                     /usr/lib/libpcre.so.1.2.3
7ff11ab0c000-7ff11ab0d000 r--p 00068000 08:01 400762                     /usr/lib/libpcre.so.1.2.3
7ff11ab0d000-7ff11ab0e000 rw-p 00069000 08:01 400762                     /usr/lib/libpcre.so.1.2.3
7ff11ab0e000-7ff11ab11000 r-xp 00000000 08:01 401449                     /usr/lib/libgmodule-2.0.so.0.4000.0
7ff11ab11000-7ff11ad10000 ---p 00003000 08:01 401449                     /usr/lib/libgmodule-2.0.so.0.4000.0
7ff11ad10000-7ff11ad11000 r--p 00002000 08:01 401449                     /usr/lib/libgmodule-2.0.so.0.4000.0
7ff11ad11000-7ff11ad12000 rw-p 00003000 08:01 401449                     /usr/lib/libgmodule-2.0.so.0.4000.0
7ff11ad12000-7ff11ad19000 r-xp 00000000 08:01 400963                     /usr/lib/libffi.so.6.0.1
7ff11ad19000-7ff11af18000 ---p 00007000 08:01 400963                     /usr/lib/libffi.so.6.0.1
7ff11af18000-7ff11af19000 r--p 00006000 08:01 400963                     /usr/lib/libffi.so.6.0.1
7ff11af19000-7ff11af1a000 rw-p 00007000 08:01 400963                     /usr/lib/libffi.so.6.0.1
7ff11af1a000-7ff11b01f000 r-xp 00000000 08:01 401448                     /usr/lib/libglib-2.0.so.0.4000.0
7ff11b01f000-7ff11b21f000 ---p 00105000 08:01 401448                     /usr/lib/libglib-2.0.so.0.4000.0
7ff11b21f000-7ff11b220000 r--p 00105000 08:01 401448                     /usr/lib/libglib-2.0.so.0.4000.0
7ff11b220000-7ff11b221000 rw-p 00106000 08:01 401448                     /usr/lib/libglib-2.0.so.0.4000.0
7ff11b221000-7ff11b222000 rw-p 00000000 00:00 0 
7ff11b222000-7ff11b270000 r-xp 00000000 08:01 401451                     /usr/lib/libgobject-2.0.so.0.4000.0
7ff11b270000-7ff11b470000 ---p 0004e000 08:01 401451                     /usr/lib/libgobject-2.0.so.0.4000.0
7ff11b470000-7ff11b471000 r--p 0004e000 08:01 401451                     /usr/lib/libgobject-2.0.so.0.4000.0
7ff11b471000-7ff11b472000 rw-p 0004f000 08:01 401451                     /usr/lib/libgobject-2.0.so.0.4000.0
7ff11b472000-7ff11b5db000 r-xp 00000000 08:01 405789                     /usr/lib/libgio-2.0.so.0.4000.0
7ff11b5db000-7ff11b7db000 ---p 00169000 08:01 405789                     /usr/lib/libgio-2.0.so.0.4000.0
7ff11b7db000-7ff11b7df000 r--p 00169000 08:01 405789                     /usr/lib/libgio-2.0.so.0.4000.0
7ff11b7df000-7ff11b7e1000 rw-p 0016d000 08:01 405789                     /usr/lib/libgio-2.0.so.0.4000.0
7ff11b7e1000-7ff11b7e3000 rw-p 00000000 00:00 0 
7ff11b7e3000-7ff11b7f9000 r-xp 00000000 08:01 530643                     /usr/lib/jvm/java-7-openjdk/jre/lib/amd64/libnet.so
7ff11b7f9000-7ff11b9f9000 ---p 00016000 08:01 530643                     /usr/lib/jvm/java-7-openjdk/jre/lib/amd64/libnet.so
7ff11b9f9000-7ff11b9fa000 rw-p 00016000 08:01 530643                     /usr/lib/jvm/java-7-openjdk/jre/lib/amd64/libnet.so
7ff11b9fa000-7ff11b9fb000 ---p 00000000 00:00 0 
7ff11b9fb000-7ff11bafb000 rw-p 00000000 00:00 0                          [stack:21590]
7ff11bafb000-7ff11bafe000 ---p 00000000 00:00 0 
7ff11bafe000-7ff11bbfc000 rw-p 00000000 00:00 0                          [stack:21589]
7ff11bbfc000-7ff11bbff000 ---p 00000000 00:00 0 
7ff11bbff000-7ff11bcfd000 rw-p 00000000 00:00 0                          [stack:21588]
7ff11bcfd000-7ff11bd00000 ---p 00000000 00:00 0 
7ff11bd00000-7ff11bdfe000 rw-p 00000000 00:00 0                          [stack:21587]
7ff11bdfe000-7ff11be01000 ---p 00000000 00:00 0 
7ff11be01000-7ff11beff000 rw-p 00000000 00:00 0                          [stack:21584]
7ff11beff000-7ff11bf02000 ---p 00000000 00:00 0 
7ff11bf02000-7ff11c000000 rw-p 00000000 00:00 0                          [stack:21583]
7ff11c000000-7ff11c021000 rw-p 00000000 00:00 0 
7ff11c021000-7ff120000000 ---p 00000000 00:00 0 
7ff120000000-7ff120021000 rw-p 00000000 00:00 0 
7ff120021000-7ff124000000 ---p 00000000 00:00 0 
7ff124000000-7ff124021000 rw-p 00000000 00:00 0 
7ff124021000-7ff128000000 ---p 00000000 00:00 0 
7ff128000000-7ff128021000 rw-p 00000000 00:00 0 
7ff128021000-7ff12c000000 ---p 00000000 00:00 0 
7ff12c000000-7ff12c021000 rw-p 00000000 00:00 0 
7ff12c021000-7ff130000000 ---p 00000000 00:00 0 
7ff130000000-7ff130002000 rw-p 00000000 00:00 0 
7ff130002000-7ff130005000 r--s 0002d000 08:01 6571752                    /home/ponken/.m2/repository/isorelax/isorelax/20030108/isorelax-20030108.jar
7ff130005000-7ff13000a000 r--s 00016000 08:01 6571748                    /home/ponken/.m2/repository/xml-apis/xml-apis/1.0.b2/xml-apis-1.0.b2.jar
7ff13000a000-7ff13001c000 r--s 0009b000 08:01 6571744                    /home/ponken/.m2/repository/com/thaiopensource/jing/20091111/jing-20091111.jar
7ff13001c000-7ff13003d000 r--s 00162000 08:01 6571743                    /home/ponken/.m2/repository/org/mockito/mockito-all/1.9.5/mockito-all-1.9.5.jar
7ff13003d000-7ff13003f000 r--s 00009000 08:01 6442321                    /home/ponken/.m2/repository/org/hamcrest/hamcrest-core/1.3/hamcrest-core-1.3.jar
7ff13003f000-7ff130045000 r--s 00036000 08:01 6442320                    /home/ponken/.m2/repository/junit/junit/4.11/junit-4.11.jar
7ff130045000-7ff130047000 r--s 00005000 08:01 6442318                    /home/ponken/.m2/repository/xpp3/xpp3_min/1.1.4c/xpp3_min-1.1.4c.jar
7ff130047000-7ff130054000 r--s 00075000 08:01 6571741                    /home/ponken/.m2/repository/com/thoughtworks/xstream/xstream/1.4.7/xstream-1.4.7.jar
7ff130054000-7ff130058000 r--s 0003b000 08:01 530629                     /usr/lib/jvm/java-7-openjdk/jre/lib/ext/sunpkcs11.jar
7ff130058000-7ff13005b000 r--s 00017000 08:01 530128                     /usr/lib/jvm/java-7-openjdk/jre/lib/jce.jar
7ff13005b000-7ff130060000 r--s 0004c000 08:01 530135                     /usr/lib/jvm/java-7-openjdk/jre/lib/jsse.jar
7ff130060000-7ff13008a000 r--s 001e9000 08:01 6571739                    /home/ponken/.m2/repository/com/google/guava/guava/15.0/guava-15.0.jar
7ff13008a000-7ff13008e000 r--s 0002a000 08:01 6333449                    /home/ponken/.m2/repository/commons-io/commons-io/2.4/commons-io-2.4.jar
7ff13008e000-7ff130094000 r--s 00048000 08:01 6571735                    /home/ponken/.m2/repository/org/apache/commons/commons-lang3/3.1/commons-lang3-3.1.jar
7ff130094000-7ff1300a4000 r--s 0008a000 08:01 6571730                    /home/ponken/.m2/repository/org/bouncycastle/bcpkix-jdk15on/1.49/bcpkix-jdk15on-1.49.jar
7ff1300a4000-7ff1300db000 r--s 00226000 08:01 6571731                    /home/ponken/.m2/repository/org/bouncycastle/bcprov-jdk15on/1.49/bcprov-jdk15on-1.49.jar
7ff1300db000-7ff1300e0000 r--s 00041000 08:01 6571729                    /home/ponken/.m2/repository/commons-lang/commons-lang/2.6/commons-lang-2.6.jar
7ff1300e0000-7ff1300ef000 r--s 0007f000 08:01 6571728                    /home/ponken/.m2/repository/joda-time/joda-time/2.3/joda-time-2.3.jar
7ff1300ef000-7ff1300f2000 ---p 00000000 00:00 0 
7ff1300f2000-7ff1301f0000 rw-p 00000000 00:00 0                          [stack:21580]
7ff1301f0000-7ff1301f4000 r-xp 00000000 08:01 530670                     /usr/lib/jvm/java-7-openjdk/jre/lib/amd64/libdt_socket.so
7ff1301f4000-7ff1303f3000 ---p 00004000 08:01 530670                     /usr/lib/jvm/java-7-openjdk/jre/lib/amd64/libdt_socket.so
7ff1303f3000-7ff1303f4000 rw-p 00003000 08:01 530670                     /usr/lib/jvm/java-7-openjdk/jre/lib/amd64/libdt_socket.so
7ff1303f4000-7ff1303f7000 ---p 00000000 00:00 0 
7ff1303f7000-7ff1304f5000 rw-p 00000000 00:00 0                          [stack:21578]
7ff1304f5000-7ff1304f8000 ---p 00000000 00:00 0 
7ff1304f8000-7ff1305f6000 rw-p 00000000 00:00 0                          [stack:21576]
7ff1305f6000-7ff1305f9000 ---p 00000000 00:00 0 
7ff1305f9000-7ff1306f7000 rw-p 00000000 00:00 0                          [stack:21575]
7ff1306f7000-7ff1306f8000 ---p 00000000 00:00 0 
7ff1306f8000-7ff131000000 rw-p 00000000 00:00 0                          [stack:21574]
7ff131000000-7ff131270000 rwxp 00000000 00:00 0 
7ff131270000-7ff134392000 rw-p 00000000 00:00 0 
7ff134392000-7ff138000000 ---p 00000000 00:00 0 
7ff138000000-7ff138001000 r--s 00006000 08:01 6571757                    /home/ponken/.m2/repository/junitperf/junitperf/1.8/junitperf-1.8.jar
7ff138001000-7ff138004000 r--s 00015000 08:01 6571732                    /home/ponken/.m2/repository/org/bouncycastle/bcmail-jdk15on/1.49/bcmail-jdk15on-1.49.jar
7ff138004000-7ff1394ba000 rw-p 00000000 00:00 0 
7ff1394ba000-7ff139669000 r--s 01cfb000 08:01 530133                     /usr/lib/jvm/java-7-openjdk/jre/lib/rt.jar
7ff139669000-7ff139b77000 rw-p 00000000 00:00 0 
7ff139b77000-7ff139b78000 ---p 00000000 00:00 0 
7ff139b78000-7ff139c78000 rw-p 00000000 00:00 0                          [stack:21573]
7ff139c78000-7ff139c79000 ---p 00000000 00:00 0 
7ff139c79000-7ff139d79000 rw-p 00000000 00:00 0                          [stack:21572]
7ff139d79000-7ff139d7a000 ---p 00000000 00:00 0 
7ff139d7a000-7ff139e7a000 rw-p 00000000 00:00 0                          [stack:21571]
7ff139e7a000-7ff139e7b000 ---p 00000000 00:00 0 
7ff139e7b000-7ff139f7b000 rw-p 00000000 00:00 0                          [stack:21570]
7ff139f7b000-7ff139f7c000 ---p 00000000 00:00 0 
7ff139f7c000-7ff13a07c000 rw-p 00000000 00:00 0                          [stack:21569]
7ff13a07c000-7ff13a07d000 ---p 00000000 00:00 0 
7ff13a07d000-7ff13a17d000 rw-p 00000000 00:00 0                          [stack:21568]
7ff13a17d000-7ff13a17e000 ---p 00000000 00:00 0 
7ff13a17e000-7ff13a27e000 rw-p 00000000 00:00 0                          [stack:21567]
7ff13a27e000-7ff13a27f000 ---p 00000000 00:00 0 
7ff13a27f000-7ff13a38a000 rw-p 00000000 00:00 0                          [stack:21566]
7ff13a38a000-7ff13a3d2000 rw-p 00000000 00:00 0 
7ff13a3d2000-7ff13a3fa000 rw-p 00000000 00:00 0 
7ff13a3fa000-7ff13a654000 rw-p 00000000 00:00 0 
7ff13a654000-7ff13a65f000 rw-p 00000000 00:00 0 
7ff13a65f000-7ff13a6a7000 rw-p 00000000 00:00 0 
7ff13a6a7000-7ff13a6cf000 rw-p 00000000 00:00 0 
7ff13a6cf000-7ff13a928000 rw-p 00000000 00:00 0 
7ff13a928000-7ff13a93d000 rw-p 00000000 00:00 0 
7ff13a93d000-7ff13aa69000 rw-p 00000000 00:00 0 
7ff13aa69000-7ff13aa6a000 rw-p 00000000 00:00 0 
7ff13aa6a000-7ff13aa72000 r-xp 00000000 08:01 530642                     /usr/lib/jvm/java-7-openjdk/jre/lib/amd64/libzip.so
7ff13aa72000-7ff13ac71000 ---p 00008000 08:01 530642                     /usr/lib/jvm/java-7-openjdk/jre/lib/amd64/libzip.so
7ff13ac71000-7ff13ac72000 rw-p 00007000 08:01 530642                     /usr/lib/jvm/java-7-openjdk/jre/lib/amd64/libzip.so
7ff13ac72000-7ff13ac7d000 r-xp 00000000 08:01 396550                     /usr/lib/libnss_files-2.19.so
7ff13ac7d000-7ff13ae7c000 ---p 0000b000 08:01 396550                     /usr/lib/libnss_files-2.19.so
7ff13ae7c000-7ff13ae7d000 r--p 0000a000 08:01 396550                     /usr/lib/libnss_files-2.19.so
7ff13ae7d000-7ff13ae7e000 rw-p 0000b000 08:01 396550                     /usr/lib/libnss_files-2.19.so
7ff13ae7e000-7ff13b22a000 r--p 00000000 08:01 415463                     /usr/lib/locale/locale-archive
7ff13b22a000-7ff13b22d000 r-xp 00000000 08:01 530646                     /usr/lib/jvm/java-7-openjdk/jre/lib/amd64/libnpt.so
7ff13b22d000-7ff13b42c000 ---p 00003000 08:01 530646                     /usr/lib/jvm/java-7-openjdk/jre/lib/amd64/libnpt.so
7ff13b42c000-7ff13b42d000 rw-p 00002000 08:01 530646                     /usr/lib/jvm/java-7-openjdk/jre/lib/amd64/libnpt.so
7ff13b42d000-7ff13b467000 r-xp 00000000 08:01 530669                     /usr/lib/jvm/java-7-openjdk/jre/lib/amd64/libjdwp.so
7ff13b467000-7ff13b666000 ---p 0003a000 08:01 530669                     /usr/lib/jvm/java-7-openjdk/jre/lib/amd64/libjdwp.so
7ff13b666000-7ff13b667000 rw-p 00039000 08:01 530669                     /usr/lib/jvm/java-7-openjdk/jre/lib/amd64/libjdwp.so
7ff13b667000-7ff13b668000 rw-p 00000000 00:00 0 
7ff13b668000-7ff13b693000 r-xp 00000000 08:01 530641                     /usr/lib/jvm/java-7-openjdk/jre/lib/amd64/libjava.so
7ff13b693000-7ff13b892000 ---p 0002b000 08:01 530641                     /usr/lib/jvm/java-7-openjdk/jre/lib/amd64/libjava.so
7ff13b892000-7ff13b894000 rw-p 0002a000 08:01 530641                     /usr/lib/jvm/java-7-openjdk/jre/lib/amd64/libjava.so
7ff13b894000-7ff13b8a1000 r-xp 00000000 08:01 530640                     /usr/lib/jvm/java-7-openjdk/jre/lib/amd64/libverify.so
7ff13b8a1000-7ff13baa0000 ---p 0000d000 08:01 530640                     /usr/lib/jvm/java-7-openjdk/jre/lib/amd64/libverify.so
7ff13baa0000-7ff13baa2000 rw-p 0000c000 08:01 530640                     /usr/lib/jvm/java-7-openjdk/jre/lib/amd64/libverify.so
7ff13baa2000-7ff13baa9000 r-xp 00000000 08:01 396551                     /usr/lib/librt-2.19.so
7ff13baa9000-7ff13bca8000 ---p 00007000 08:01 396551                     /usr/lib/librt-2.19.so
7ff13bca8000-7ff13bca9000 r--p 00006000 08:01 396551                     /usr/lib/librt-2.19.so
7ff13bca9000-7ff13bcaa000 rw-p 00007000 08:01 396551                     /usr/lib/librt-2.19.so
7ff13bcaa000-7ff13bcc0000 r-xp 00000000 08:01 399575                     /usr/lib/libgcc_s.so.1
7ff13bcc0000-7ff13bebf000 ---p 00016000 08:01 399575                     /usr/lib/libgcc_s.so.1
7ff13bebf000-7ff13bec0000 rw-p 00015000 08:01 399575                     /usr/lib/libgcc_s.so.1
7ff13bec0000-7ff13bfc3000 r-xp 00000000 08:01 396449                     /usr/lib/libm-2.19.so
7ff13bfc3000-7ff13c1c2000 ---p 00103000 08:01 396449                     /usr/lib/libm-2.19.so
7ff13c1c2000-7ff13c1c3000 r--p 00102000 08:01 396449                     /usr/lib/libm-2.19.so
7ff13c1c3000-7ff13c1c4000 rw-p 00103000 08:01 396449                     /usr/lib/libm-2.19.so
7ff13c1c4000-7ff13c2b1000 r-xp 00000000 08:01 415466                     /usr/lib/libstdc++.so.6.0.20
7ff13c2b1000-7ff13c4b0000 ---p 000ed000 08:01 415466                     /usr/lib/libstdc++.so.6.0.20
7ff13c4b0000-7ff13c4b8000 r--p 000ec000 08:01 415466                     /usr/lib/libstdc++.so.6.0.20
7ff13c4b8000-7ff13c4ba000 rw-p 000f4000 08:01 415466                     /usr/lib/libstdc++.so.6.0.20
7ff13c4ba000-7ff13c4cf000 rw-p 00000000 00:00 0 
7ff13c4cf000-7ff13cfaf000 r-xp 00000000 08:01 530676                     /usr/lib/jvm/java-7-openjdk/jre/lib/amd64/server/libjvm.so
7ff13cfaf000-7ff13d1ae000 ---p 00ae0000 08:01 530676                     /usr/lib/jvm/java-7-openjdk/jre/lib/amd64/server/libjvm.so
7ff13d1ae000-7ff13d263000 rw-p 00adf000 08:01 530676                     /usr/lib/jvm/java-7-openjdk/jre/lib/amd64/server/libjvm.so
7ff13d263000-7ff13d290000 rw-p 00000000 00:00 0 
7ff13d290000-7ff13d2a5000 r-xp 00000000 08:01 399614                     /usr/lib/libz.so.1.2.8
7ff13d2a5000-7ff13d4a4000 ---p 00015000 08:01 399614                     /usr/lib/libz.so.1.2.8
7ff13d4a4000-7ff13d4a5000 r--p 00014000 08:01 399614                     /usr/lib/libz.so.1.2.8
7ff13d4a5000-7ff13d4a6000 rw-p 00015000 08:01 399614                     /usr/lib/libz.so.1.2.8
7ff13d4a6000-7ff13d64a000 r-xp 00000000 08:01 396565                     /usr/lib/libc-2.19.so
7ff13d64a000-7ff13d84a000 ---p 001a4000 08:01 396565                     /usr/lib/libc-2.19.so
7ff13d84a000-7ff13d84e000 r--p 001a4000 08:01 396565                     /usr/lib/libc-2.19.so
7ff13d84e000-7ff13d850000 rw-p 001a8000 08:01 396565                     /usr/lib/libc-2.19.so
7ff13d850000-7ff13d854000 rw-p 00000000 00:00 0 
7ff13d854000-7ff13d857000 r-xp 00000000 08:01 396475                     /usr/lib/libdl-2.19.so
7ff13d857000-7ff13da56000 ---p 00003000 08:01 396475                     /usr/lib/libdl-2.19.so
7ff13da56000-7ff13da57000 r--p 00002000 08:01 396475                     /usr/lib/libdl-2.19.so
7ff13da57000-7ff13da58000 rw-p 00003000 08:01 396475                     /usr/lib/libdl-2.19.so
7ff13da58000-7ff13da65000 r-xp 00000000 08:01 530672                     /usr/lib/jvm/java-7-openjdk/jre/lib/amd64/jli/libjli.so
7ff13da65000-7ff13dc64000 ---p 0000d000 08:01 530672                     /usr/lib/jvm/java-7-openjdk/jre/lib/amd64/jli/libjli.so
7ff13dc64000-7ff13dc65000 rw-p 0000c000 08:01 530672                     /usr/lib/jvm/java-7-openjdk/jre/lib/amd64/jli/libjli.so
7ff13dc65000-7ff13dc7d000 r-xp 00000000 08:01 396584                     /usr/lib/libpthread-2.19.so
7ff13dc7d000-7ff13de7d000 ---p 00018000 08:01 396584                     /usr/lib/libpthread-2.19.so
7ff13de7d000-7ff13de7e000 r--p 00018000 08:01 396584                     /usr/lib/libpthread-2.19.so
7ff13de7e000-7ff13de7f000 rw-p 00019000 08:01 396584                     /usr/lib/libpthread-2.19.so
7ff13de7f000-7ff13de83000 rw-p 00000000 00:00 0 
7ff13de83000-7ff13dea4000 r-xp 00000000 08:01 396530                     /usr/lib/ld-2.19.so
7ff13dea4000-7ff13dea5000 r--s 00001000 08:01 6442316                    /home/ponken/.m2/repository/xmlpull/xmlpull/1.1.3.1/xmlpull-1.1.3.1.jar
7ff13dea5000-7ff13deaf000 rw-p 00000000 00:00 0 
7ff13deaf000-7ff13df65000 rw-p 00000000 00:00 0 
7ff13df65000-7ff13df68000 ---p 00000000 00:00 0 
7ff13df68000-7ff13e06a000 rw-p 00000000 00:00 0                          [stack:21565]
7ff13e06a000-7ff13e06c000 r--s 0000a000 08:01 6571737                    /home/ponken/.m2/repository/net/ripe/ipresource/ipresource/1.46/ipresource-1.46.jar
7ff13e06c000-7ff13e06f000 r--s 0000f000 08:01 530636                     /usr/lib/jvm/java-7-openjdk/jre/lib/ext/pulse-java.jar
7ff13e06f000-7ff13e098000 rw-p 00000000 00:00 0 
7ff13e098000-7ff13e0a0000 rw-s 00000000 00:1e 707228                     /tmp/hsperfdata_ponken/21559
7ff13e0a0000-7ff13e0a1000 rw-p 00000000 00:00 0 
7ff13e0a1000-7ff13e0a2000 r--p 00000000 00:00 0 
7ff13e0a2000-7ff13e0a3000 rw-p 00000000 00:00 0 
7ff13e0a3000-7ff13e0a4000 r--p 00020000 08:01 396530                     /usr/lib/ld-2.19.so
7ff13e0a4000-7ff13e0a5000 rw-p 00021000 08:01 396530                     /usr/lib/ld-2.19.so
7ff13e0a5000-7ff13e0a6000 rw-p 00000000 00:00 0 
7ffffac54000-7ffffac75000 rw-p 00000000 00:00 0                          [stack]
7ffffac92000-7ffffac94000 r-xp 00000000 00:00 0                          [vdso]
ffffffffff600000-ffffffffff601000 r-xp 00000000 00:00 0                  [vsyscall]

VM Arguments:
jvm_args: -agentlib:jdwp=transport=dt_socket,suspend=y,address=localhost:58540 -Dfile.encoding=UTF-8 
java_command: certificate.processing.RepositoryProcessor /home/ponken/Work/RPKI/bachelor/rsync_repos/TAs/arin-rpki-ta.cer /home/ponken/Work/RPKI/bachelor/rsync_repos/top_repository/rpki.arin.net -t -v -l /home/ponken/Work/RPKI/bachelor/logs/arin_log -e json /home/ponken/Work/RPKI/bachelor/exports/arin_export.json
Launcher Type: SUN_STANDARD

Environment Variables:
JAVA_HOME=/usr/lib/jvm/java-7-openjdk
PATH=/usr/local/apache-maven/apache-maven-3.2.3/bin:/usr/lib/jvm/java-7-openjdk/bin:/usr/local/apache-maven/apache-maven-3.2.3/bin:/usr/lib/jvm/java-7-openjdk/bin:/usr/local/sbin:/usr/local/bin:/usr/bin:/usr/bin/vendor_perl:/usr/bin/core_perl:/home/ponken/bin
SHELL=/bin/bash
DISPLAY=:0.0

Signal Handlers:
SIGSEGV: [libjvm.so+0x9180e0], sa_mask[0]=0x7ffbfeff, sa_flags=0x10000004
SIGBUS: [libjvm.so+0x9180e0], sa_mask[0]=0x7ffbfeff, sa_flags=0x10000004
SIGFPE: [libjvm.so+0x795930], sa_mask[0]=0x7ffbfeff, sa_flags=0x10000004
SIGPIPE: [libjvm.so+0x795930], sa_mask[0]=0x7ffbfeff, sa_flags=0x10000004
SIGXFSZ: [libjvm.so+0x795930], sa_mask[0]=0x7ffbfeff, sa_flags=0x10000004
SIGILL: [libjvm.so+0x795930], sa_mask[0]=0x7ffbfeff, sa_flags=0x10000004
SIGUSR1: SIG_DFL, sa_mask[0]=0x00000000, sa_flags=0x00000000
SIGUSR2: [libjvm.so+0x7957d0], sa_mask[0]=0x00000004, sa_flags=0x10000004
SIGHUP: [libjvm.so+0x7959b0], sa_mask[0]=0x7ffbfeff, sa_flags=0x10000004
SIGINT: [libjvm.so+0x7959b0], sa_mask[0]=0x7ffbfeff, sa_flags=0x10000004
SIGTERM: [libjvm.so+0x7959b0], sa_mask[0]=0x7ffbfeff, sa_flags=0x10000004
SIGQUIT: [libjvm.so+0x7959b0], sa_mask[0]=0x7ffbfeff, sa_flags=0x10000004


---------------  S Y S T E M  ---------------

OS:Linux
uname:Linux 3.14.2-1-ARCH #1 SMP PREEMPT Sun Apr 27 11:28:44 CEST 2014 x86_64
libc:glibc 2.19 NPTL 2.19 
rlimit: STACK 8192k, CORE 0k, NPROC 61476, NOFILE 4096, AS infinity
load average:0.13 0.15 0.21

/proc/meminfo:
MemTotal:        7874732 kB
MemFree:         1895436 kB
MemAvailable:    4392700 kB
Buffers:          380872 kB
Cached:          2555704 kB
SwapCached:            0 kB
Active:          3422828 kB
Inactive:        2163224 kB
Active(anon):    2652596 kB
Inactive(anon):   396464 kB
Active(file):     770232 kB
Inactive(file):  1766760 kB
Unevictable:          32 kB
Mlocked:              32 kB
SwapTotal:             0 kB
SwapFree:              0 kB
Dirty:               104 kB
Writeback:             0 kB
AnonPages:       2649668 kB
Mapped:           393384 kB
Shmem:            399588 kB
Slab:             251324 kB
SReclaimable:     213676 kB
SUnreclaim:        37648 kB
KernelStack:        4488 kB
PageTables:        42800 kB
NFS_Unstable:          0 kB
Bounce:                0 kB
WritebackTmp:          0 kB
CommitLimit:     3937364 kB
Committed_AS:    6833472 kB
VmallocTotal:   34359738367 kB
VmallocUsed:      368328 kB
VmallocChunk:   34359343104 kB
HardwareCorrupted:     0 kB
AnonHugePages:   1148928 kB
HugePages_Total:       0
HugePages_Free:        0
HugePages_Rsvd:        0
HugePages_Surp:        0
Hugepagesize:       2048 kB
DirectMap4k:      167100 kB
DirectMap2M:     7911424 kB


CPU:total 8 (4 cores per cpu, 2 threads per core) family 6 model 58 stepping 9, cmov, cx8, fxsr, mmx, sse, sse2, sse3, ssse3, sse4.1, sse4.2, popcnt, avx, aes, erms, ht, tsc, tscinvbit, tscinv

/proc/cpuinfo:
processor	: 0
vendor_id	: GenuineIntel
cpu family	: 6
model		: 58
model name	: Intel(R) Core(TM) i7-3630QM CPU @ 2.40GHz
stepping	: 9
microcode	: 0x16
cpu MHz		: 1599.000
cache size	: 6144 KB
physical id	: 0
siblings	: 8
core id		: 0
cpu cores	: 4
apicid		: 0
initial apicid	: 0
fpu		: yes
fpu_exception	: yes
cpuid level	: 13
wp		: yes
flags		: fpu vme de pse tsc msr pae mce cx8 apic sep mtrr pge mca cmov pat pse36 clflush dts acpi mmx fxsr sse sse2 ss ht tm pbe syscall nx rdtscp lm constant_tsc arch_perfmon pebs bts rep_good nopl xtopology nonstop_tsc aperfmperf eagerfpu pni pclmulqdq dtes64 monitor ds_cpl vmx est tm2 ssse3 cx16 xtpr pdcm pcid sse4_1 sse4_2 x2apic popcnt tsc_deadline_timer aes xsave avx f16c rdrand lahf_lm ida arat epb xsaveopt pln pts dtherm tpr_shadow vnmi flexpriority ept vpid fsgsbase smep erms
bogomips	: 4790.60
clflush size	: 64
cache_alignment	: 64
address sizes	: 36 bits physical, 48 bits virtual
power management:

processor	: 1
vendor_id	: GenuineIntel
cpu family	: 6
model		: 58
model name	: Intel(R) Core(TM) i7-3630QM CPU @ 2.40GHz
stepping	: 9
microcode	: 0x16
cpu MHz		: 1486.500
cache size	: 6144 KB
physical id	: 0
siblings	: 8
core id		: 0
cpu cores	: 4
apicid		: 1
initial apicid	: 1
fpu		: yes
fpu_exception	: yes
cpuid level	: 13
wp		: yes
flags		: fpu vme de pse tsc msr pae mce cx8 apic sep mtrr pge mca cmov pat pse36 clflush dts acpi mmx fxsr sse sse2 ss ht tm pbe syscall nx rdtscp lm constant_tsc arch_perfmon pebs bts rep_good nopl xtopology nonstop_tsc aperfmperf eagerfpu pni pclmulqdq dtes64 monitor ds_cpl vmx est tm2 ssse3 cx16 xtpr pdcm pcid sse4_1 sse4_2 x2apic popcnt tsc_deadline_timer aes xsave avx f16c rdrand lahf_lm ida arat epb xsaveopt pln pts dtherm tpr_shadow vnmi flexpriority ept vpid fsgsbase smep erms
bogomips	: 4790.60
clflush size	: 64
cache_alignment	: 64
address sizes	: 36 bits physical, 48 bits virtual
power management:

processor	: 2
vendor_id	: GenuineIntel
cpu family	: 6
model		: 58
model name	: Intel(R) Core(TM) i7-3630QM CPU @ 2.40GHz
stepping	: 9
microcode	: 0x16
cpu MHz		: 1299.000
cache size	: 6144 KB
physical id	: 0
siblings	: 8
core id		: 1
cpu cores	: 4
apicid		: 2
initial apicid	: 2
fpu		: yes
fpu_exception	: yes
cpuid level	: 13
wp		: yes
flags		: fpu vme de pse tsc msr pae mce cx8 apic sep mtrr pge mca cmov pat pse36 clflush dts acpi mmx fxsr sse sse2 ss ht tm pbe syscall nx rdtscp lm constant_tsc arch_perfmon pebs bts rep_good nopl xtopology nonstop_tsc aperfmperf eagerfpu pni pclmulqdq dtes64 monitor ds_cpl vmx est tm2 ssse3 cx16 xtpr pdcm pcid sse4_1 sse4_2 x2apic popcnt tsc_deadline_timer aes xsave avx f16c rdrand lahf_lm ida arat epb xsaveopt pln pts dtherm tpr_shadow vnmi flexpriority ept vpid fsgsbase smep erms
bogomips	: 4790.60
clflush size	: 64
cache_alignment	: 64
address sizes	: 36 bits physical, 48 bits virtual
power management:

processor	: 3
vendor_id	: GenuineIntel
cpu family	: 6
model		: 58
model name	: Intel(R) Core(TM) i7-3630QM CPU @ 2.40GHz
stepping	: 9
microcode	: 0x16
cpu MHz		: 1636.500
cache size	: 6144 KB
physical id	: 0
siblings	: 8
core id		: 1
cpu cores	: 4
apicid		: 3
initial apicid	: 3
fpu		: yes
fpu_exception	: yes
cpuid level	: 13
wp		: yes
flags		: fpu vme de pse tsc msr pae mce cx8 apic sep mtrr pge mca cmov pat pse36 clflush dts acpi mmx fxsr sse sse2 ss ht tm pbe syscall nx rdtscp lm constant_tsc arch_perfmon pebs bts rep_good nopl xtopology nonstop_tsc aperfmperf eagerfpu pni pclmulqdq dtes64 monitor ds_cpl vmx est tm2 ssse3 cx16 xtpr pdcm pcid sse4_1 sse4_2 x2apic popcnt tsc_deadline_timer aes xsave avx f16c rdrand lahf_lm ida arat epb xsaveopt pln pts dtherm tpr_shadow vnmi flexpriority ept vpid fsgsbase smep erms
bogomips	: 4790.60
clflush size	: 64
cache_alignment	: 64
address sizes	: 36 bits physical, 48 bits virtual
power management:

processor	: 4
vendor_id	: GenuineIntel
cpu family	: 6
model		: 58
model name	: Intel(R) Core(TM) i7-3630QM CPU @ 2.40GHz
stepping	: 9
microcode	: 0x16
cpu MHz		: 1599.000
cache size	: 6144 KB
physical id	: 0
siblings	: 8
core id		: 2
cpu cores	: 4
apicid		: 4
initial apicid	: 4
fpu		: yes
fpu_exception	: yes
cpuid level	: 13
wp		: yes
flags		: fpu vme de pse tsc msr pae mce cx8 apic sep mtrr pge mca cmov pat pse36 clflush dts acpi mmx fxsr sse sse2 ss ht tm pbe syscall nx rdtscp lm constant_tsc arch_perfmon pebs bts rep_good nopl xtopology nonstop_tsc aperfmperf eagerfpu pni pclmulqdq dtes64 monitor ds_cpl vmx est tm2 ssse3 cx16 xtpr pdcm pcid sse4_1 sse4_2 x2apic popcnt tsc_deadline_timer aes xsave avx f16c rdrand lahf_lm ida arat epb xsaveopt pln pts dtherm tpr_shadow vnmi flexpriority ept vpid fsgsbase smep erms
bogomips	: 4790.60
clflush size	: 64
cache_alignment	: 64
address sizes	: 36 bits physical, 48 bits virtual
power management:

processor	: 5
vendor_id	: GenuineIntel
cpu family	: 6
model		: 58
model name	: Intel(R) Core(TM) i7-3630QM CPU @ 2.40GHz
stepping	: 9
microcode	: 0x16
cpu MHz		: 1336.500
cache size	: 6144 KB
physical id	: 0
siblings	: 8
core id		: 2
cpu cores	: 4
apicid		: 5
initial apicid	: 5
fpu		: yes
fpu_exception	: yes
cpuid level	: 13
wp		: yes
flags		: fpu vme de pse tsc msr pae mce cx8 apic sep mtrr pge mca cmov pat pse36 clflush dts acpi mmx fxsr sse sse2 ss ht tm pbe syscall nx rdtscp lm constant_tsc arch_perfmon pebs bts rep_good nopl xtopology nonstop_tsc aperfmperf eagerfpu pni pclmulqdq dtes64 monitor ds_cpl vmx est tm2 ssse3 cx16 xtpr pdcm pcid sse4_1 sse4_2 x2apic popcnt tsc_deadline_timer aes xsave avx f16c rdrand lahf_lm ida arat epb xsaveopt pln pts dtherm tpr_shadow vnmi flexpriority ept vpid fsgsbase smep erms
bogomips	: 4790.60
clflush size	: 64
cache_alignment	: 64
address sizes	: 36 bits physical, 48 bits virtual
power management:

processor	: 6
vendor_id	: GenuineIntel
cpu family	: 6
model		: 58
model name	: Intel(R) Core(TM) i7-3630QM CPU @ 2.40GHz
stepping	: 9
microcode	: 0x16
cpu MHz		: 1449.000
cache size	: 6144 KB
physical id	: 0
siblings	: 8
core id		: 3
cpu cores	: 4
apicid		: 6
initial apicid	: 6
fpu		: yes
fpu_exception	: yes
cpuid level	: 13
wp		: yes
flags		: fpu vme de pse tsc msr pae mce cx8 apic sep mtrr pge mca cmov pat pse36 clflush dts acpi mmx fxsr sse sse2 ss ht tm pbe syscall nx rdtscp lm constant_tsc arch_perfmon pebs bts rep_good nopl xtopology nonstop_tsc aperfmperf eagerfpu pni pclmulqdq dtes64 monitor ds_cpl vmx est tm2 ssse3 cx16 xtpr pdcm pcid sse4_1 sse4_2 x2apic popcnt tsc_deadline_timer aes xsave avx f16c rdrand lahf_lm ida arat epb xsaveopt pln pts dtherm tpr_shadow vnmi flexpriority ept vpid fsgsbase smep erms
bogomips	: 4790.60
clflush size	: 64
cache_alignment	: 64
address sizes	: 36 bits physical, 48 bits virtual
power management:

processor	: 7
vendor_id	: GenuineIntel
cpu family	: 6
model		: 58
model name	: Intel(R) Core(TM) i7-3630QM CPU @ 2.40GHz
stepping	: 9
microcode	: 0x16
cpu MHz		: 1374.000
cache size	: 6144 KB
physical id	: 0
siblings	: 8
core id		: 3
cpu cores	: 4
apicid		: 7
initial apicid	: 7
fpu		: yes
fpu_exception	: yes
cpuid level	: 13
wp		: yes
flags		: fpu vme de pse tsc msr pae mce cx8 apic sep mtrr pge mca cmov pat pse36 clflush dts acpi mmx fxsr sse sse2 ss ht tm pbe syscall nx rdtscp lm constant_tsc arch_perfmon pebs bts rep_good nopl xtopology nonstop_tsc aperfmperf eagerfpu pni pclmulqdq dtes64 monitor ds_cpl vmx est tm2 ssse3 cx16 xtpr pdcm pcid sse4_1 sse4_2 x2apic popcnt tsc_deadline_timer aes xsave avx f16c rdrand lahf_lm ida arat epb xsaveopt pln pts dtherm tpr_shadow vnmi flexpriority ept vpid fsgsbase smep erms
bogomips	: 4790.60
clflush size	: 64
cache_alignment	: 64
address sizes	: 36 bits physical, 48 bits virtual
power management:



Memory: 4k page, physical 7874732k(1895436k free), swap 0k(0k free)

vm_info: OpenJDK 64-Bit Server VM (24.51-b03) for linux-amd64 JRE (1.7.0_55-b14), built on Apr 16 2014 11:37:37 by "nobody" with gcc 4.8.2 20140206 (prerelease)

time: Tue Oct  7 19:38:27 2014
elapsed time: 125 seconds

